<?xml version="1.0" encoding="UTF-8" ?>
<testsuite tests="35" failures="0" name="TestRunner" time="0.273" errors="0" skipped="0">
  <properties>
    <property name="idea.version" value="2020.2"/>
    <property name="java.runtime.name" value="Java(TM) SE Runtime Environment"/>
    <property name="java.vm.version" value="14.0.2+12-46"/>
    <property name="sun.boot.library.path" value="C:\Program Files\Java\jdk-14.0.2\bin"/>
    <property name="maven.multiModuleProjectDirectory" value="C:\Users\babaa\IdeaProjects\SE-P"/>
    <property name="java.vm.vendor" value="Oracle Corporation"/>
    <property name="java.vendor.url" value="https://java.oracle.com/"/>
    <property name="guice.disable.misplaced.annotation.check" value="true"/>
    <property name="path.separator" value=";"/>
    <property name="java.vm.name" value="Java HotSpot(TM) 64-Bit Server VM"/>
    <property name="sun.os.patch.level" value=""/>
    <property name="user.script" value=""/>
    <property name="user.country" value="US"/>
    <property name="sun.java.launcher" value="SUN_STANDARD"/>
    <property name="java.vm.specification.name" value="Java Virtual Machine Specification"/>
    <property name="user.dir" value="C:\Users\babaa\IdeaProjects\SE-P"/>
    <property name="java.vm.compressedOopsMode" value="Zero based"/>
    <property name="java.runtime.version" value="14.0.2+12-46"/>
    <property name="os.arch" value="amd64"/>
    <property name="java.io.tmpdir" value="C:\Users\babaa\AppData\Local\Temp\"/>
    <property name="line.separator" value="
"/>
    <property name="java.vm.specification.vendor" value="Oracle Corporation"/>
    <property name="user.variant" value=""/>
    <property name="os.name" value="Windows 10"/>
    <property name="maven.ext.class.path" value="C:\Program Files\JetBrains\IntelliJ IDEA 2020.2\plugins\maven\lib\maven-event-listener.jar"/>
    <property name="classworlds.conf" value="C:\Program Files\JetBrains\IntelliJ IDEA 2020.2\plugins\maven\lib\maven3\bin\m2.conf"/>
    <property name="sun.jnu.encoding" value="Cp1252"/>
    <property name="java.library.path" value="C:\Program Files\Java\jdk-14.0.2\bin;C:\Windows\Sun\Java\bin;C:\Windows\system32;C:\Windows;C:\Program Files (x86)\Common Files\Oracle\Java\javapath;C:\Windows\system32;C:\Windows;C:\Windows\System32\Wbem;C:\Windows\System32\WindowsPowerShell\v1.0\;C:\Windows\System32\OpenSSH\;C:\Program Files\Git\cmd;C:\Program Files\dotnet\;C:\Program Files\nodejs\;C:\xampp\php\;C:\Users\babaa\Downloads\Compressed\apache-maven-3.6.3-bin\apache-maven-3.6.3\bin;C:\Users\babaa\AppData\Local\Programs\Python\Python38-32\Scripts\;C:\Users\babaa\AppData\Local\Programs\Python\Python38-32\;C:\Users\babaa\AppData\Local\Microsoft\WindowsApps;C:\Users\babaa\AppData\Local\Programs\Microsoft VS Code\bin;C:\Users\babaa\.dotnet\tools;C:\Users\babaa\AppData\Roaming\npm;."/>
    <property name="maven.conf" value="C:\Program Files\JetBrains\IntelliJ IDEA 2020.2\plugins\maven\lib\maven3/conf"/>
    <property name="jdk.debug" value="release"/>
    <property name="java.class.version" value="58.0"/>
    <property name="java.specification.name" value="Java Platform API Specification"/>
    <property name="sun.management.compiler" value="HotSpot 64-Bit Tiered Compilers"/>
    <property name="os.version" value="10.0"/>
    <property name="user.home" value="C:\Users\babaa"/>
    <property name="user.timezone" value="Asia/Hebron"/>
    <property name="file.encoding" value="UTF-8"/>
    <property name="java.specification.version" value="14"/>
    <property name="user.name" value="babaa"/>
    <property name="java.class.path" value="C:\Program Files\JetBrains\IntelliJ IDEA 2020.2\plugins\maven\lib\maven3\boot\plexus-classworlds-2.6.0.jar;C:\Program Files\JetBrains\IntelliJ IDEA 2020.2\plugins\maven\lib\maven3\boot\plexus-classworlds.license"/>
    <property name="java.vm.specification.version" value="14"/>
    <property name="sun.arch.data.model" value="64"/>
    <property name="sun.java.command" value="org.codehaus.classworlds.Launcher -Didea.version=2020.2 clean test-compile test sonar:sonar"/>
    <property name="java.home" value="C:\Program Files\Java\jdk-14.0.2"/>
    <property name="user.language" value="en"/>
    <property name="java.specification.vendor" value="Oracle Corporation"/>
    <property name="java.vm.info" value="mixed mode, sharing"/>
    <property name="java.version" value="14.0.2"/>
    <property name="java.vendor" value="Oracle Corporation"/>
    <property name="maven.home" value="C:\Program Files\JetBrains\IntelliJ IDEA 2020.2\plugins\maven\lib\maven3"/>
    <property name="file.separator" value="\"/>
    <property name="java.version.date" value="2020-07-14"/>
    <property name="java.vendor.url.bug" value="https://bugreport.java.com/bugreport/"/>
    <property name="sun.io.unicode.encoding" value="UnicodeLittle"/>
    <property name="sun.cpu.endian" value="little"/>
    <property name="sun.cpu.isalist" value="amd64"/>
  </properties>
  <testcase classname="Search about suitable home" name="Search about home by specific type (apartment/house) #1" time="0.173"/>
  <testcase classname="Search about suitable home" name="Search about home by specific type (apartment/house) #2" time="0.003"/>
  <testcase classname="Search about suitable home" name="Search home by material #1" time="0.008"/>
  <testcase classname="Search about suitable home" name="Search home by material #2" time="0.008"/>
  <testcase classname="Search about suitable home" name="Search home by placement #1" time="0.003"/>
  <testcase classname="Search about suitable home" name="Search home by placement #2" time="0.003"/>
  <testcase classname="Search about suitable home" name="Search about home by allow pets #1" time="0.003"/>
  <testcase classname="Search about suitable home" name="Search about home by allow pets #2" time="0.003"/>
  <testcase classname="Search about suitable home" name="Search about home by specific Amenities #1" time="0.003"/>
  <testcase classname="Search about suitable home" name="Search about home by specific Amenities #2" time="0.006"/>
  <testcase classname="Search about suitable home" name="Search about home by specific Amenities #3" time="0.002"/>
  <testcase classname="Search about suitable home" name="Search about home by specific Amenities #4" time="0.003"/>
  <testcase classname="Search about suitable home" name="Search about home by specific Amenities #5" time="0.003"/>
  <testcase classname="Search about suitable home" name="Search about home by specific Amenities #6" time="0.002"/>
  <testcase classname="Search about suitable home" name="Search about home with less than a specific price #1" time="0.003"/>
  <testcase classname="Search about suitable home" name="Search about home with less than a specific price #2" time="0.003"/>
  <testcase classname="Search about suitable home" name="Search about home with between specific price #1" time="0.003"/>
  <testcase classname="Search about suitable home" name="Search about home with between specific price #2" time="0.002"/>
  <testcase classname="Search about suitable home" name="Search about home with less than a specific area #1" time="0.003"/>
  <testcase classname="Search about suitable home" name="Search about home with less than a specific area #2" time="0.002"/>
  <testcase classname="Search about suitable home" name="Search about home with Area in between two specifics sizes #1" time="0.002"/>
  <testcase classname="Search about suitable home" name="Search about home with Area in between two specifics sizes #2" time="0.003"/>
  <testcase classname="Search about suitable home" name="Search about home by number of bedrooms #1" time="0.002"/>
  <testcase classname="Search about suitable home" name="Search about home by number of bedrooms #2" time="0.003"/>
  <testcase classname="Search about suitable home" name="Search about home by number of bathrooms #1" time="0.001"/>
  <testcase classname="Search about suitable home" name="Search about home by number of bathrooms #2" time="0.003"/>
  <testcase classname="Search about suitable home" name="Search about home by specific Lease Length (short term_6 months/long term_year) #1" time="0.002"/>
  <testcase classname="Search about suitable home" name="Search about home by specific Lease Length (short term_6 months/long term_year) #2" time="0.003"/>
  <testcase classname="Search about suitable home" name="Combined Scenario #1 #1" time="0.002"/>
  <testcase classname="Search about suitable home" name="Combined Scenario #1 #2" time="0.002"/>
  <testcase classname="Search about suitable home" name="Combined Scenario #1 #3" time="0.002"/>
  <testcase classname="Search about suitable home" name="Combined Scenario #2 #1" time="0.002"/>
  <testcase classname="Search about suitable home" name="Combined Scenario #2 #2" time="0.003"/>
  <testcase classname="Search about suitable home" name="Combined Scenario #3 #1" time="0.002"/>
  <testcase classname="Search about suitable home" name="Combined Scenario #3 #2" time="0.002"/>
</testsuite>